<?xml version="1.0" encoding="UTF-8"?>
<testsuite name="com.tomgregory.ThemeParkApplicationIT" tests="4" skipped="0" failures="0" errors="0" timestamp="2023-10-07T19:57:01" hostname="LAPTOP-L7FI8PN8" time="0.319">
  <properties/>
  <testcase name="getsAllRides()" classname="com.tomgregory.ThemeParkApplicationIT" time="0.255"/>
  <testcase name="getsSingleRide()" classname="com.tomgregory.ThemeParkApplicationIT" time="0.019"/>
  <testcase name="returnsNotFoundForInvalidSingleRide()" classname="com.tomgregory.ThemeParkApplicationIT" time="0.006"/>
  <testcase name="addsNewRide()" classname="com.tomgregory.ThemeParkApplicationIT" time="0.036"/>
  <system-out><![CDATA[15:56:58.161 [Test worker] DEBUG org.springframework.test.context.BootstrapUtils - Instantiating CacheAwareContextLoaderDelegate from class [org.springframework.test.context.cache.DefaultCacheAwareContextLoaderDelegate]
15:56:58.171 [Test worker] DEBUG org.springframework.test.context.BootstrapUtils - Instantiating BootstrapContext using constructor [public org.springframework.test.context.support.DefaultBootstrapContext(java.lang.Class,org.springframework.test.context.CacheAwareContextLoaderDelegate)]
15:56:58.197 [Test worker] DEBUG org.springframework.test.context.BootstrapUtils - Instantiating TestContextBootstrapper for test class [com.tomgregory.ThemeParkApplicationIT] from class [org.springframework.boot.test.context.SpringBootTestContextBootstrapper]
15:56:58.205 [Test worker] INFO org.springframework.boot.test.context.SpringBootTestContextBootstrapper - Neither @ContextConfiguration nor @ContextHierarchy found for test class [com.tomgregory.ThemeParkApplicationIT], using SpringBootContextLoader
15:56:58.207 [Test worker] DEBUG org.springframework.test.context.support.AbstractContextLoader - Did not detect default resource location for test class [com.tomgregory.ThemeParkApplicationIT]: class path resource [com/tomgregory/ThemeParkApplicationIT-context.xml] does not exist
15:56:58.208 [Test worker] DEBUG org.springframework.test.context.support.AbstractContextLoader - Did not detect default resource location for test class [com.tomgregory.ThemeParkApplicationIT]: class path resource [com/tomgregory/ThemeParkApplicationITContext.groovy] does not exist
15:56:58.208 [Test worker] INFO org.springframework.test.context.support.AbstractContextLoader - Could not detect default resource locations for test class [com.tomgregory.ThemeParkApplicationIT]: no resource found for suffixes {-context.xml, Context.groovy}.
15:56:58.209 [Test worker] INFO org.springframework.test.context.support.AnnotationConfigContextLoaderUtils - Could not detect default configuration classes for test class [com.tomgregory.ThemeParkApplicationIT]: ThemeParkApplicationIT does not declare any static, non-private, non-final, nested classes annotated with @Configuration.
15:56:58.247 [Test worker] DEBUG org.springframework.test.context.support.ActiveProfilesUtils - Could not find an 'annotation declaring class' for annotation type [org.springframework.test.context.ActiveProfiles] and class [com.tomgregory.ThemeParkApplicationIT]
15:56:58.286 [Test worker] DEBUG org.springframework.context.annotation.ClassPathScanningCandidateComponentProvider - Identified candidate component class: file [C:\Users\Aleem\OneDrive\Documents\GitHub\DevOps\SpringBootWithGradle\build\classes\java\main\com\tomgregory\ThemeParkApplication.class]
15:56:58.287 [Test worker] INFO org.springframework.boot.test.context.SpringBootTestContextBootstrapper - Found @SpringBootConfiguration com.tomgregory.ThemeParkApplication for test class com.tomgregory.ThemeParkApplicationIT
15:56:58.361 [Test worker] DEBUG org.springframework.boot.test.context.SpringBootTestContextBootstrapper - @TestExecutionListeners is not present for class [com.tomgregory.ThemeParkApplicationIT]: using defaults.
15:56:58.361 [Test worker] INFO org.springframework.boot.test.context.SpringBootTestContextBootstrapper - Loaded default TestExecutionListener class names from location [META-INF/spring.factories]: [org.springframework.boot.test.autoconfigure.restdocs.RestDocsTestExecutionListener, org.springframework.boot.test.autoconfigure.web.client.MockRestServiceServerResetTestExecutionListener, org.springframework.boot.test.autoconfigure.web.servlet.MockMvcPrintOnlyOnFailureTestExecutionListener, org.springframework.boot.test.autoconfigure.web.servlet.WebDriverTestExecutionListener, org.springframework.boot.test.autoconfigure.webservices.client.MockWebServiceServerTestExecutionListener, org.springframework.boot.test.mock.mockito.MockitoTestExecutionListener, org.springframework.boot.test.mock.mockito.ResetMocksTestExecutionListener, org.springframework.test.context.web.ServletTestExecutionListener, org.springframework.test.context.support.DirtiesContextBeforeModesTestExecutionListener, org.springframework.test.context.event.ApplicationEventsTestExecutionListener, org.springframework.test.context.support.DependencyInjectionTestExecutionListener, org.springframework.test.context.support.DirtiesContextTestExecutionListener, org.springframework.test.context.transaction.TransactionalTestExecutionListener, org.springframework.test.context.jdbc.SqlScriptsTestExecutionListener, org.springframework.test.context.event.EventPublishingTestExecutionListener]
15:56:58.374 [Test worker] INFO org.springframework.boot.test.context.SpringBootTestContextBootstrapper - Using TestExecutionListeners: [org.springframework.test.context.web.ServletTestExecutionListener@1c98290c, org.springframework.test.context.support.DirtiesContextBeforeModesTestExecutionListener@172ca72b, org.springframework.test.context.event.ApplicationEventsTestExecutionListener@5bda80bf, org.springframework.boot.test.mock.mockito.MockitoTestExecutionListener@71e5f61d, org.springframework.boot.test.autoconfigure.SpringBootDependencyInjectionTestExecutionListener@2ce86164, org.springframework.test.context.support.DirtiesContextTestExecutionListener@5e8f9e2d, org.springframework.test.context.transaction.TransactionalTestExecutionListener@51df223b, org.springframework.test.context.jdbc.SqlScriptsTestExecutionListener@fd46303, org.springframework.test.context.event.EventPublishingTestExecutionListener@60d8c0dc, org.springframework.boot.test.autoconfigure.restdocs.RestDocsTestExecutionListener@4204541c, org.springframework.boot.test.autoconfigure.web.client.MockRestServiceServerResetTestExecutionListener@6a62689d, org.springframework.boot.test.autoconfigure.web.servlet.MockMvcPrintOnlyOnFailureTestExecutionListener@4602c2a9, org.springframework.boot.test.autoconfigure.web.servlet.WebDriverTestExecutionListener@60fa3495, org.springframework.boot.test.autoconfigure.webservices.client.MockWebServiceServerTestExecutionListener@3e2822, org.springframework.boot.test.mock.mockito.ResetMocksTestExecutionListener@79e18e38]
15:56:58.377 [Test worker] DEBUG org.springframework.test.context.support.AbstractDirtiesContextTestExecutionListener - Before test class: context [DefaultTestContext@2484f433 testClass = ThemeParkApplicationIT, testInstance = [null], testMethod = [null], testException = [null], mergedContextConfiguration = [WebMergedContextConfiguration@60b71e8f testClass = ThemeParkApplicationIT, locations = '{}', classes = '{class com.tomgregory.ThemeParkApplication}', contextInitializerClasses = '[]', activeProfiles = '{}', propertySourceLocations = '{}', propertySourceProperties = '{org.springframework.boot.test.context.SpringBootTestContextBootstrapper=true}', contextCustomizers = set[org.springframework.boot.test.autoconfigure.actuate.metrics.MetricsExportContextCustomizerFactory$DisableMetricExportContextCustomizer@4748a0f9, org.springframework.boot.test.autoconfigure.properties.PropertyMappingContextCustomizer@4b3fa0b3, org.springframework.boot.test.autoconfigure.web.servlet.WebDriverContextCustomizerFactory$Customizer@5adb0db3, [ImportsContextCustomizer@1255b1d1 key = [org.springframework.boot.test.autoconfigure.web.servlet.MockMvcAutoConfiguration, org.springframework.boot.test.autoconfigure.web.servlet.MockMvcWebClientAutoConfiguration, org.springframework.boot.test.autoconfigure.web.servlet.MockMvcWebDriverAutoConfiguration, org.springframework.boot.autoconfigure.security.oauth2.client.servlet.OAuth2ClientAutoConfiguration, org.springframework.boot.autoconfigure.security.oauth2.resource.servlet.OAuth2ResourceServerAutoConfiguration, org.springframework.boot.autoconfigure.security.servlet.SecurityAutoConfiguration, org.springframework.boot.autoconfigure.security.servlet.SecurityFilterAutoConfiguration, org.springframework.boot.autoconfigure.security.servlet.UserDetailsServiceAutoConfiguration, org.springframework.boot.test.autoconfigure.web.servlet.MockMvcSecurityConfiguration]], org.springframework.boot.test.context.filter.ExcludeFilterContextCustomizer@63f8276e, org.springframework.boot.test.json.DuplicateJsonObjectContextCustomizerFactory$DuplicateJsonObjectContextCustomizer@6bbe2511, org.springframework.boot.test.mock.mockito.MockitoContextCustomizer@0, org.springframework.boot.test.web.client.TestRestTemplateContextCustomizer@67304a40, org.springframework.boot.test.context.SpringBootTestArgs@1, org.springframework.boot.test.context.SpringBootTestWebEnvironment@52af26ee], resourceBasePath = 'src/main/webapp', contextLoader = 'org.springframework.boot.test.context.SpringBootContextLoader', parent = [null]], attributes = map['org.springframework.test.context.web.ServletTestExecutionListener.activateListener' -> true]], class annotated with @DirtiesContext [false] with mode [null].
15:56:58.400 [Test worker] DEBUG org.springframework.test.context.support.TestPropertySourceUtils - Adding inlined properties to environment: {spring.jmx.enabled=false, org.springframework.boot.test.context.SpringBootTestContextBootstrapper=true}

  .   ____          _            __ _ _
 /\\ / ___'_ __ _ _(_)_ __  __ _ \ \ \ \
( ( )\___ | '_ | '_| | '_ \/ _` | \ \ \ \
 \\/  ___)| |_)| | | | | || (_| |  ) ) ) )
  '  |____| .__|_| |_|_| |_\__, | / / / /
 =========|_|==============|___/=/_/_/_/
 :: Spring Boot ::                (v2.5.5)

2023-10-07 15:56:58.638  INFO 44544 --- [    Test worker] com.tomgregory.ThemeParkApplicationIT    : Starting ThemeParkApplicationIT using Java 18.0.2.1 on LAPTOP-L7FI8PN8 with PID 44544 (started by Aleem in C:\Users\Aleem\OneDrive\Documents\GitHub\DevOps\SpringBootWithGradle)
2023-10-07 15:56:58.639  INFO 44544 --- [    Test worker] com.tomgregory.ThemeParkApplicationIT    : No active profile set, falling back to default profiles: default
2023-10-07 15:56:59.254  INFO 44544 --- [    Test worker] .s.d.r.c.RepositoryConfigurationDelegate : Bootstrapping Spring Data JPA repositories in DEFAULT mode.
2023-10-07 15:56:59.288  INFO 44544 --- [    Test worker] .s.d.r.c.RepositoryConfigurationDelegate : Finished Spring Data repository scanning in 28 ms. Found 1 JPA repository interfaces.
2023-10-07 15:56:59.648  INFO 44544 --- [    Test worker] com.zaxxer.hikari.HikariDataSource       : HikariPool-1 - Starting...
2023-10-07 15:56:59.773  INFO 44544 --- [    Test worker] com.zaxxer.hikari.HikariDataSource       : HikariPool-1 - Start completed.
2023-10-07 15:56:59.820  INFO 44544 --- [    Test worker] o.hibernate.jpa.internal.util.LogHelper  : HHH000204: Processing PersistenceUnitInfo [name: default]
2023-10-07 15:56:59.877  INFO 44544 --- [    Test worker] org.hibernate.Version                    : HHH000412: Hibernate ORM core version 5.4.32.Final
2023-10-07 15:56:59.991  INFO 44544 --- [    Test worker] o.hibernate.annotations.common.Version   : HCANN000001: Hibernate Commons Annotations {5.1.2.Final}
2023-10-07 15:57:00.106  INFO 44544 --- [    Test worker] org.hibernate.dialect.Dialect            : HHH000400: Using dialect: org.hibernate.dialect.H2Dialect
2023-10-07 15:57:00.546  INFO 44544 --- [    Test worker] o.h.e.t.j.p.i.JtaPlatformInitiator       : HHH000490: Using JtaPlatform implementation: [org.hibernate.engine.transaction.jta.platform.internal.NoJtaPlatform]
2023-10-07 15:57:00.552  INFO 44544 --- [    Test worker] j.LocalContainerEntityManagerFactoryBean : Initialized JPA EntityManagerFactory for persistence unit 'default'
2023-10-07 15:57:00.947  WARN 44544 --- [    Test worker] JpaBaseConfiguration$JpaWebConfiguration : spring.jpa.open-in-view is enabled by default. Therefore, database queries may be performed during view rendering. Explicitly configure spring.jpa.open-in-view to disable this warning
2023-10-07 15:57:01.564  INFO 44544 --- [    Test worker] o.s.b.t.m.w.SpringBootMockServletContext : Initializing Spring TestDispatcherServlet ''
2023-10-07 15:57:01.564  INFO 44544 --- [    Test worker] o.s.t.web.servlet.TestDispatcherServlet  : Initializing Servlet ''
2023-10-07 15:57:01.572  INFO 44544 --- [    Test worker] o.s.b.a.e.web.EndpointLinksResolver      : Exposing 1 endpoint(s) beneath base path '/actuator'
2023-10-07 15:57:01.592  INFO 44544 --- [    Test worker] o.s.t.web.servlet.TestDispatcherServlet  : Completed initialization in 28 ms
2023-10-07 15:57:01.616  INFO 44544 --- [    Test worker] com.tomgregory.ThemeParkApplicationIT    : Started ThemeParkApplicationIT in 3.211 seconds (JVM running for 4.067)
]]></system-out>
  <system-err><![CDATA[]]></system-err>
</testsuite>
